2018-08-03 19:00:19,837 CRIT Supervisor running as root (no user in config file)
2018-08-03 19:00:19,837 WARN Included extra file "/etc/supervisor/conf.d/supervisord.conf" during parsing
2018-08-03 19:00:20,955 INFO RPC interface 'supervisor' initialized
2018-08-03 19:00:20,955 CRIT Server 'unix_http_server' running without any HTTP authentication checking
2018-08-03 19:00:21,034 INFO supervisord started with pid 1
2018-08-03 19:00:22,039 INFO spawned: 'varnishd' with pid 13
2018-08-03 19:00:22,452 INFO spawned: 'php-fpm' with pid 14
2018-08-03 19:00:22,454 INFO spawned: 'varnish-plugins-watcher' with pid 15
2018-08-03 19:00:22,543 INFO spawned: 'nginx' with pid 16
2018-08-03 19:00:22,641 INFO spawned: 'MailHog' with pid 17
2018-08-03 19:00:22,644 INFO spawned: 'mysql' with pid 18
2018-08-03 19:00:22,646 INFO spawned: 'varnish-themes-watcher' with pid 19
2018-08-03 19:00:23,648 INFO success: varnishd entered RUNNING state, process has stayed up for > than 1 seconds (startsecs)
2018-08-03 19:00:23,649 INFO success: php-fpm entered RUNNING state, process has stayed up for > than 1 seconds (startsecs)
2018-08-03 19:00:23,649 INFO success: varnish-plugins-watcher entered RUNNING state, process has stayed up for > than 1 seconds (startsecs)
2018-08-03 19:00:23,649 INFO success: nginx entered RUNNING state, process has stayed up for > than 1 seconds (startsecs)
2018-08-03 19:00:23,649 INFO success: MailHog entered RUNNING state, process has stayed up for > than 1 seconds (startsecs)
2018-08-03 19:00:23,649 INFO success: mysql entered RUNNING state, process has stayed up for > than 1 seconds (startsecs)
2018-08-03 19:00:23,649 INFO success: varnish-themes-watcher entered RUNNING state, process has stayed up for > than 1 seconds (startsecs)
2018-08-07 18:36:31,536 INFO exited: varnish-plugins-watcher (exit status 0; expected)
2018-08-07 18:36:32,870 INFO spawned: 'varnish-plugins-watcher' with pid 530
2018-08-07 18:36:33,872 INFO success: varnish-plugins-watcher entered RUNNING state, process has stayed up for > than 1 seconds (startsecs)
2018-08-07 18:37:58,933 INFO exited: varnish-plugins-watcher (exit status 0; expected)
2018-08-07 18:37:59,945 INFO spawned: 'varnish-plugins-watcher' with pid 537
2018-08-07 18:38:00,947 INFO success: varnish-plugins-watcher entered RUNNING state, process has stayed up for > than 1 seconds (startsecs)
2018-08-15 14:16:17,693 INFO exited: varnish-plugins-watcher (exit status 0; expected)
2018-08-15 14:16:18,696 INFO spawned: 'varnish-plugins-watcher' with pid 765
2018-08-15 14:16:19,699 INFO success: varnish-plugins-watcher entered RUNNING state, process has stayed up for > than 1 seconds (startsecs)
2018-08-17 19:40:50,788 CRIT Supervisor running as root (no user in config file)
2018-08-17 19:40:50,789 WARN Included extra file "/etc/supervisor/conf.d/supervisord.conf" during parsing
2018-08-17 19:40:51,304 INFO RPC interface 'supervisor' initialized
2018-08-17 19:40:51,304 CRIT Server 'unix_http_server' running without any HTTP authentication checking
2018-08-17 19:40:51,305 INFO supervisord started with pid 1
2018-08-17 19:40:52,309 INFO spawned: 'varnishd' with pid 8
2018-08-17 19:40:52,503 INFO spawned: 'php-fpm' with pid 9
2018-08-17 19:40:52,505 INFO spawned: 'varnish-plugins-watcher' with pid 10
2018-08-17 19:40:52,534 INFO spawned: 'nginx' with pid 11
2018-08-17 19:40:52,580 INFO spawned: 'MailHog' with pid 12
2018-08-17 19:40:52,638 INFO spawned: 'mysql' with pid 13
2018-08-17 19:40:52,642 INFO spawned: 'varnish-themes-watcher' with pid 14
2018-08-17 19:40:53,353 INFO success: varnishd entered RUNNING state, process has stayed up for > than 1 seconds (startsecs)
2018-08-17 19:40:53,353 INFO success: php-fpm entered RUNNING state, process has stayed up for > than 1 seconds (startsecs)
2018-08-17 19:40:54,354 INFO success: varnish-plugins-watcher entered RUNNING state, process has stayed up for > than 1 seconds (startsecs)
2018-08-17 19:40:54,424 INFO success: nginx entered RUNNING state, process has stayed up for > than 1 seconds (startsecs)
2018-08-17 19:40:54,424 INFO success: MailHog entered RUNNING state, process has stayed up for > than 1 seconds (startsecs)
2018-08-17 19:40:54,424 INFO success: mysql entered RUNNING state, process has stayed up for > than 1 seconds (startsecs)
2018-08-17 19:40:54,424 INFO success: varnish-themes-watcher entered RUNNING state, process has stayed up for > than 1 seconds (startsecs)
2018-08-28 14:50:14,506 WARN received SIGTERM indicating exit request
2018-08-28 14:50:14,507 INFO waiting for varnishd, php-fpm, varnish-plugins-watcher, nginx, MailHog, mysql, varnish-themes-watcher to die
2018-08-28 14:50:15,510 INFO stopped: varnish-themes-watcher (terminated by SIGTERM)
2018-08-28 14:50:15,516 INFO stopped: mysql (exit status 0)
2018-08-28 14:50:15,517 INFO stopped: MailHog (terminated by SIGTERM)
2018-08-28 14:50:15,518 INFO stopped: nginx (exit status 0)
2018-08-28 14:50:15,519 INFO stopped: varnish-plugins-watcher (terminated by SIGTERM)
2018-08-28 14:50:15,615 INFO stopped: php-fpm (exit status 0)
2018-08-28 14:50:16,709 INFO stopped: varnishd (exit status 0)
