[06-Aug-2018 16:12:29 UTC] WordPress database error Duplicate entry '587' for key 'PRIMARY' for query INSERT INTO `wp_posts` (`post_author`, `post_date`, `post_date_gmt`, `post_content`, `post_content_filtered`, `post_title`, `post_excerpt`, `post_status`, `post_type`, `comment_status`, `ping_status`, `post_password`, `post_name`, `to_ping`, `pinged`, `post_modified`, `post_modified_gmt`, `post_parent`, `menu_order`, `post_mime_type`, `guid`, `ID`) VALUES (1, '2010-07-02 08:36:44', '2010-07-02 15:36:44', 'Link:\n\n<a href=\"https://wpthemetestdata.files.wordpress.com/2008/06/originaldixielandjazzbandwithalbernard-stlouisblues.mp3\">St. Louis Blues</a>\n\nAudio shortcode:\n\n[audio https://wpthemetestdata.files.wordpress.com/2008/06/originaldixielandjazzbandwithalbernard-stlouisblues.mp3]', '', 'Post Format: Audio', '', 'publish', 'post', 'closed', 'closed', '', 'post-format-audio', '', '', '2010-07-02 08:36:44', '2010-07-02 15:36:44', 0, 0, '', 'https://wpthemetestdata.wordpress.com/?p=587', 587) made by WP_Import->dispatch, WP_Import->import, WP_Import->process_posts, wp_insert_post
[06-Aug-2018 16:12:30 UTC] WordPress database error Duplicate entry '1011-77' for key 'PRIMARY' for query INSERT INTO `wp_term_relationships` (`object_id`, `term_taxonomy_id`) VALUES (1011, 77) made by WP_Import->dispatch, WP_Import->import, WP_Import->process_posts, wp_set_post_terms, wp_set_object_terms
[06-Aug-2018 16:12:30 UTC] WordPress database error Duplicate entry '1011-160' for key 'PRIMARY' for query INSERT INTO `wp_term_relationships` (`object_id`, `term_taxonomy_id`) VALUES (1011, 160) made by WP_Import->dispatch, WP_Import->import, WP_Import->process_posts, wp_set_post_terms, wp_set_object_terms
[06-Aug-2018 16:12:30 UTC] WordPress database error Duplicate entry '1150' for key 'PRIMARY' for query INSERT INTO `wp_posts` (`post_author`, `post_date`, `post_date_gmt`, `post_content`, `post_content_filtered`, `post_title`, `post_excerpt`, `post_status`, `post_type`, `comment_status`, `ping_status`, `post_password`, `post_name`, `to_ping`, `pinged`, `post_modified`, `post_modified_gmt`, `post_parent`, `menu_order`, `post_mime_type`, `guid`, `ID`) VALUES (1, '2012-01-02 10:21:15', '2012-01-02 17:21:15', 'This post has its comments, pingbacks, and trackbacks disabled.\n\nThere should be no comment reply form, but <em>should</em> display pingbacks and trackbacks.', '', 'Template: Comments Disabled', '', 'publish', 'post', 'closed', 'closed', '', 'template-comments-disabled', '', '', '2012-01-02 10:21:15', '2012-01-02 17:21:15', 0, 0, '', 'https://wpthemetestdata.wordpress.com/2007/09/04/no-comments/', 1150) made by WP_Import->dispatch, WP_Import->import, WP_Import->process_posts, wp_insert_post
[06-Aug-2018 16:12:30 UTC] WordPress database error Duplicate entry '1151-85' for key 'PRIMARY' for query INSERT INTO `wp_term_relationships` (`object_id`, `term_taxonomy_id`) VALUES (1151, 85) made by WP_Import->dispatch, WP_Import->import, WP_Import->process_posts, wp_set_post_terms, wp_set_object_terms
[06-Aug-2018 16:12:30 UTC] WordPress database error Duplicate entry '1151-152' for key 'PRIMARY' for query INSERT INTO `wp_term_relationships` (`object_id`, `term_taxonomy_id`) VALUES (1151, 152) made by WP_Import->dispatch, WP_Import->import, WP_Import->process_posts, wp_set_post_terms, wp_set_object_terms
[06-Aug-2018 16:12:30 UTC] WordPress database error Duplicate entry '1152-62' for key 'PRIMARY' for query INSERT INTO `wp_term_relationships` (`object_id`, `term_taxonomy_id`) VALUES (1152, 62) made by WP_Import->dispatch, WP_Import->import, WP_Import->process_posts, wp_set_post_terms, wp_set_object_terms
[06-Aug-2018 16:12:30 UTC] WordPress database error Duplicate entry '1152-14' for key 'PRIMARY' for query INSERT INTO `wp_term_relationships` (`object_id`, `term_taxonomy_id`) VALUES (1152, 14) made by WP_Import->dispatch, WP_Import->import, WP_Import->process_posts, wp_set_post_terms, wp_set_object_terms
[06-Aug-2018 16:12:30 UTC] WordPress database error Duplicate entry '1152-65' for key 'PRIMARY' for query INSERT INTO `wp_term_relationships` (`object_id`, `term_taxonomy_id`) VALUES (1152, 65) made by WP_Import->dispatch, WP_Import->import, WP_Import->process_posts, wp_set_post_terms, wp_set_object_terms
[06-Aug-2018 16:12:30 UTC] WordPress database error Duplicate entry '1152-35' for key 'PRIMARY' for query INSERT INTO `wp_term_relationships` (`object_id`, `term_taxonomy_id`) VALUES (1152, 35) made by WP_Import->dispatch, WP_Import->import, WP_Import->process_posts, wp_set_post_terms, wp_set_object_terms
[06-Aug-2018 16:12:30 UTC] WordPress database error Duplicate entry '1152-36' for key 'PRIMARY' for query INSERT INTO `wp_term_relationships` (`object_id`, `term_taxonomy_id`) VALUES (1152, 36) made by WP_Import->dispatch, WP_Import->import, WP_Import->process_posts, wp_set_post_terms, wp_set_object_terms
[06-Aug-2018 16:12:30 UTC] WordPress database error Duplicate entry '1152-38' for key 'PRIMARY' for query INSERT INTO `wp_term_relationships` (`object_id`, `term_taxonomy_id`) VALUES (1152, 38) made by WP_Import->dispatch, WP_Import->import, WP_Import->process_posts, wp_set_post_terms, wp_set_object_terms
[06-Aug-2018 16:12:30 UTC] WordPress database error Duplicate entry '1152-45' for key 'PRIMARY' for query INSERT INTO `wp_term_relationships` (`object_id`, `term_taxonomy_id`) VALUES (1152, 45) made by WP_Import->dispatch, WP_Import->import, WP_Import->process_posts, wp_set_post_terms, wp_set_object_terms
[06-Aug-2018 16:12:30 UTC] WordPress database error Duplicate entry '1152-55' for key 'PRIMARY' for query INSERT INTO `wp_term_relationships` (`object_id`, `term_taxonomy_id`) VALUES (1152, 55) made by WP_Import->dispatch, WP_Import->import, WP_Import->process_posts, wp_set_post_terms, wp_set_object_terms
[06-Aug-2018 16:12:30 UTC] WordPress database error Duplicate entry '1153' for key 'PRIMARY' for query INSERT INTO `wp_posts` (`post_author`, `post_date`, `post_date_gmt`, `post_content`, `post_content_filtered`, `post_title`, `post_excerpt`, `post_status`, `post_type`, `comment_status`, `ping_status`, `post_password`, `post_name`, `to_ping`, `pinged`, `post_modified`, `post_modified_gmt`, `post_parent`, `menu_order`, `post_mime_type`, `guid`, `ID`) VALUES (1, '2020-01-01 12:00:18', '2020-01-01 19:00:18', 'This post is scheduled to be published in the future.\n\nIt should not be displayed by the theme.', '', 'Scheduled', '', 'future', 'post', 'closed', 'closed', '', 'scheduled', '', '', '2020-01-01 12:00:18', '2020-01-01 19:00:18', 0, 0, '', 'https://wpthemetestdata.wordpress.com/?p=418', 1153) made by WP_Import->dispatch, WP_Import->import, WP_Import->process_posts, wp_insert_post
[06-Aug-2018 16:12:30 UTC] WordPress database error Duplicate entry '1163-146' for key 'PRIMARY' for query INSERT INTO `wp_term_relationships` (`object_id`, `term_taxonomy_id`) VALUES (1163, 146) made by WP_Import->dispatch, WP_Import->import, WP_Import->process_posts, wp_set_post_terms, wp_set_object_terms
[06-Aug-2018 16:12:31 UTC] WordPress database error Duplicate entry '1176' for key 'PRIMARY' for query INSERT INTO `wp_posts` (`post_author`, `post_date`, `post_date_gmt`, `post_content`, `post_content_filtered`, `post_title`, `post_excerpt`, `post_status`, `post_type`, `comment_status`, `ping_status`, `post_password`, `post_name`, `to_ping`, `pinged`, `post_modified`, `post_modified_gmt`, `post_parent`, `menu_order`, `post_mime_type`, `guid`, `ID`) VALUES (1, '2013-01-09 09:00:39', '2013-01-09 16:00:39', '<h3>Default</h3>\nThis is a paragraph. It should not have any alignment of any kind. It should just flow like you would normally expect. Nothing fancy. Just straight up text, free flowing, with love. Completely neutral and not picking a side or sitting on the fence. It just is. It just freaking is. It likes where it is. It does not feel compelled to pick a side. Leave him be. It will just be better that way. Trust me.\n<h3>Left Align</h3>\n<p style=\"text-align:left;\">This is a paragraph. It is left aligned. Because of this, it is a bit more liberal in it\'s views. It\'s favorite color is green. Left align tends to be more eco-friendly, but it provides no concrete evidence that it really is. Even though it likes share the wealth evenly, it leaves the equal distribution up to justified alignment.</p>\n\n<h3>Center Align</h3>\n<p style=\"text-align:center;\">This is a paragraph. It is center aligned. Center is, but nature, a fence sitter. A flip flopper. It has a difficult time making up its mind. It wants to pick a side. Really, it does. It has the best intentions, but it tends to complicate matters more than help. The best you can do is try to win it over and hope for the best. I hear center align does take bribes.</p>\n\n<h3>Right Align</h3>\n<p style=\"text-align:right;\">This is a paragraph. It is right aligned. It is a bit more conservative in it\'s views. It\'s prefers to not be told what to do or how to do it. Right align totally owns a slew of guns and loves to head to the range for some practice. Which is cool and all. I mean, it\'s a pretty good shot from at least four or five football fields away. Dead on. So boss.</p>\n\n<h3>Justify Align</h3>\n<p style=\"text-align:justify;\">This is a paragraph. It is justify aligned. It gets really mad when people associate it with Justin Timberlake. Typically, justified is pretty straight laced. It likes everything to be in it\'s place and not all cattywampus like the rest of the aligns. I am not saying that makes it better than the rest of the aligns, but it does tend to put off more of an elitist attitude.</p>', '', 'Markup: Text Alignment', '', 'publish', 'post', 'closed', 'closed', '', 'markup-text-alignment', '', '', '2013-01-09 09:00:39', '2013-01-09 16:00:39', 0, 0, '', 'http://wptest.io/demo/?p=895', 1176) made by WP_Import->dispatch, WP_Import->import, WP_Import->process_posts, wp_insert_post
[06-Aug-2018 18:40:17 UTC] PHP Parse error:  syntax error, unexpected '.' in /app/public/wp-content/themes/carnival-meetings/functions.php on line 126
[06-Aug-2018 19:25:05 UTC] PHP Parse error:  syntax error, unexpected 'endif' (T_ENDIF), expecting end of file in /app/public/wp-content/themes/carnival-meetings/header.php on line 44
[07-Aug-2018 13:13:43 UTC] PHP Parse error:  syntax error, unexpected '"></div>' (T_CONSTANT_ENCAPSED_STRING) in /app/public/wp-content/themes/carnival-meetings/page-home.php on line 21
[13-Aug-2018 17:06:40 UTC] PHP Parse error:  syntax error, unexpected 'wp_enqueue_script' (T_STRING), expecting ',' or ')' in /app/public/wp-content/themes/carnival-meetings/functions.php on line 128
[13-Aug-2018 17:39:50 UTC] PHP Parse error:  syntax error, unexpected ';', expecting ',' or ')' in /app/public/wp-content/themes/carnival-meetings/functions.php on line 129
[13-Aug-2018 17:47:25 UTC] PHP Parse error:  syntax error, unexpected '.1' (T_DNUMBER), expecting ',' or ')' in /app/public/wp-content/themes/carnival-meetings/functions.php on line 129
[13-Aug-2018 17:52:56 UTC] PHP Parse error:  syntax error, unexpected '<', expecting end of file in /app/public/wp-content/themes/carnival-meetings/page-home.php on line 12
[13-Aug-2018 20:06:17 UTC] PHP Parse error:  syntax error, unexpected ')' in /app/public/wp-content/themes/carnival-meetings/functions.php on line 124
[13-Aug-2018 20:15:19 UTC] PHP Parse error:  syntax error, unexpected ';', expecting ',' or ')' in /app/public/wp-content/themes/carnival-meetings/functions.php on line 129
[13-Aug-2018 20:22:52 UTC] PHP Parse error:  syntax error, unexpected '<', expecting end of file in /app/public/wp-content/themes/carnival-meetings/page-home.php on line 208
[14-Aug-2018 15:15:17 UTC] PHP Warning:  require(/app/public/wp-content/themes/carnival-meetings/class-materialize-walker-nav-menu.php): failed to open stream: No such file or directory in /app/public/wp-content/themes/carnival-meetings/functions.php on line 179
[14-Aug-2018 15:15:17 UTC] PHP Fatal error:  require(): Failed opening required '/app/public/wp-content/themes/carnival-meetings/class-materialize-walker-nav-menu.php' (include_path='.:/usr/share/php:/www/wp-content/pear') in /app/public/wp-content/themes/carnival-meetings/functions.php on line 179
[14-Aug-2018 15:17:41 UTC] PHP Warning:  require(/app/public/wp-content/themes/carnival-meetings/class-materialize-walker-nav-menu.php): failed to open stream: No such file or directory in /app/public/wp-content/themes/carnival-meetings/functions.php on line 179
[14-Aug-2018 15:17:41 UTC] PHP Fatal error:  require(): Failed opening required '/app/public/wp-content/themes/carnival-meetings/class-materialize-walker-nav-menu.php' (include_path='.:/usr/share/php:/www/wp-content/pear') in /app/public/wp-content/themes/carnival-meetings/functions.php on line 179
[14-Aug-2018 15:17:42 UTC] PHP Warning:  require(/app/public/wp-content/themes/carnival-meetings/class-materialize-walker-nav-menu.php): failed to open stream: No such file or directory in /app/public/wp-content/themes/carnival-meetings/functions.php on line 179
[14-Aug-2018 15:17:42 UTC] PHP Fatal error:  require(): Failed opening required '/app/public/wp-content/themes/carnival-meetings/class-materialize-walker-nav-menu.php' (include_path='.:/usr/share/php:/www/wp-content/pear') in /app/public/wp-content/themes/carnival-meetings/functions.php on line 179
[14-Aug-2018 15:20:40 UTC] PHP Warning:  require(/app/public/wp-content/themes/carnival-meetings/class-materialize-walker-nav-menu.php): failed to open stream: No such file or directory in /app/public/wp-content/themes/carnival-meetings/functions.php on line 180
[14-Aug-2018 15:20:40 UTC] PHP Fatal error:  require(): Failed opening required '/app/public/wp-content/themes/carnival-meetings/class-materialize-walker-nav-menu.php' (include_path='.:/usr/share/php:/www/wp-content/pear') in /app/public/wp-content/themes/carnival-meetings/functions.php on line 180
[14-Aug-2018 15:20:42 UTC] PHP Warning:  require(/app/public/wp-content/themes/carnival-meetings/class-materialize-walker-nav-menu.php): failed to open stream: No such file or directory in /app/public/wp-content/themes/carnival-meetings/functions.php on line 180
[14-Aug-2018 15:20:42 UTC] PHP Fatal error:  require(): Failed opening required '/app/public/wp-content/themes/carnival-meetings/class-materialize-walker-nav-menu.php' (include_path='.:/usr/share/php:/www/wp-content/pear') in /app/public/wp-content/themes/carnival-meetings/functions.php on line 180
[14-Aug-2018 15:21:31 UTC] PHP Parse error:  syntax error, unexpected ';', expecting ',' or ')' in /app/public/wp-content/themes/carnival-meetings/header.php on line 84
[14-Aug-2018 15:23:09 UTC] PHP Parse error:  syntax error, unexpected ';', expecting ',' or ')' in /app/public/wp-content/themes/carnival-meetings/header.php on line 84
[14-Aug-2018 15:23:10 UTC] PHP Parse error:  syntax error, unexpected ';', expecting ',' or ')' in /app/public/wp-content/themes/carnival-meetings/header.php on line 84
[14-Aug-2018 15:23:13 UTC] PHP Parse error:  syntax error, unexpected ';', expecting ',' or ')' in /app/public/wp-content/themes/carnival-meetings/header.php on line 84
[15-Aug-2018 15:57:39 UTC] PHP Fatal error:  Uncaught Error: Class 'wp_materialize_navwalker' not found in /app/public/wp-content/themes/carnival-meetings/header.php:48
Stack trace:
#0 /app/public/wp-includes/template.php(688): require_once()
#1 /app/public/wp-includes/template.php(647): load_template('/app/public/wp-...', true)
#2 /app/public/wp-includes/general-template.php(41): locate_template(Array, true)
#3 /app/public/wp-content/themes/carnival-meetings/page-home.php(12): get_header()
#4 /app/public/wp-includes/template-loader.php(74): include('/app/public/wp-...')
#5 /app/public/wp-blog-header.php(19): require_once('/app/public/wp-...')
#6 /app/public/index.php(17): require('/app/public/wp-...')
#7 {main}
  thrown in /app/public/wp-content/themes/carnival-meetings/header.php on line 48
[15-Aug-2018 15:57:44 UTC] PHP Fatal error:  Uncaught Error: Class 'wp_materialize_navwalker' not found in /app/public/wp-content/themes/carnival-meetings/header.php:48
Stack trace:
#0 /app/public/wp-includes/template.php(688): require_once()
#1 /app/public/wp-includes/template.php(647): load_template('/app/public/wp-...', true)
#2 /app/public/wp-includes/general-template.php(41): locate_template(Array, true)
#3 /app/public/wp-content/themes/carnival-meetings/page-home.php(12): get_header()
#4 /app/public/wp-includes/template-loader.php(74): include('/app/public/wp-...')
#5 /app/public/wp-blog-header.php(19): require_once('/app/public/wp-...')
#6 /app/public/index.php(17): require('/app/public/wp-...')
#7 {main}
  thrown in /app/public/wp-content/themes/carnival-meetings/header.php on line 48
[15-Aug-2018 15:57:45 UTC] PHP Fatal error:  Uncaught Error: Class 'wp_materialize_navwalker' not found in /app/public/wp-content/themes/carnival-meetings/header.php:48
Stack trace:
#0 /app/public/wp-includes/template.php(688): require_once()
#1 /app/public/wp-includes/template.php(647): load_template('/app/public/wp-...', true)
#2 /app/public/wp-includes/general-template.php(41): locate_template(Array, true)
#3 /app/public/wp-content/themes/carnival-meetings/page-home.php(12): get_header()
#4 /app/public/wp-includes/template-loader.php(74): include('/app/public/wp-...')
#5 /app/public/wp-blog-header.php(19): require_once('/app/public/wp-...')
#6 /app/public/index.php(17): require('/app/public/wp-...')
#7 {main}
  thrown in /app/public/wp-content/themes/carnival-meetings/header.php on line 48
[15-Aug-2018 15:58:07 UTC] PHP Fatal error:  Uncaught Error: Class 'wp_materialize_navwalker' not found in /app/public/wp-content/themes/carnival-meetings/header.php:48
Stack trace:
#0 /app/public/wp-includes/template.php(688): require_once()
#1 /app/public/wp-includes/template.php(647): load_template('/app/public/wp-...', true)
#2 /app/public/wp-includes/general-template.php(41): locate_template(Array, true)
#3 /app/public/wp-content/themes/carnival-meetings/page-home.php(12): get_header()
#4 /app/public/wp-includes/template-loader.php(74): include('/app/public/wp-...')
#5 /app/public/wp-blog-header.php(19): require_once('/app/public/wp-...')
#6 /app/public/index.php(17): require('/app/public/wp-...')
#7 {main}
  thrown in /app/public/wp-content/themes/carnival-meetings/header.php on line 48
[15-Aug-2018 15:58:20 UTC] PHP Fatal error:  Uncaught Error: Class 'wp_materialize_navwalker' not found in /app/public/wp-content/themes/carnival-meetings/header.php:49
Stack trace:
#0 /app/public/wp-includes/template.php(688): require_once()
#1 /app/public/wp-includes/template.php(647): load_template('/app/public/wp-...', true)
#2 /app/public/wp-includes/general-template.php(41): locate_template(Array, true)
#3 /app/public/wp-content/themes/carnival-meetings/page.php(15): get_header()
#4 /app/public/wp-includes/template-loader.php(74): include('/app/public/wp-...')
#5 /app/public/wp-blog-header.php(19): require_once('/app/public/wp-...')
#6 /app/public/index.php(17): require('/app/public/wp-...')
#7 {main}
  thrown in /app/public/wp-content/themes/carnival-meetings/header.php on line 49
[15-Aug-2018 15:58:23 UTC] PHP Fatal error:  Uncaught Error: Class 'wp_materialize_navwalker' not found in /app/public/wp-content/themes/carnival-meetings/header.php:49
Stack trace:
#0 /app/public/wp-includes/template.php(688): require_once()
#1 /app/public/wp-includes/template.php(647): load_template('/app/public/wp-...', true)
#2 /app/public/wp-includes/general-template.php(41): locate_template(Array, true)
#3 /app/public/wp-content/themes/carnival-meetings/page-home.php(12): get_header()
#4 /app/public/wp-includes/template-loader.php(74): include('/app/public/wp-...')
#5 /app/public/wp-blog-header.php(19): require_once('/app/public/wp-...')
#6 /app/public/index.php(17): require('/app/public/wp-...')
#7 {main}
  thrown in /app/public/wp-content/themes/carnival-meetings/header.php on line 49
[15-Aug-2018 15:58:24 UTC] PHP Fatal error:  Uncaught Error: Class 'wp_materialize_navwalker' not found in /app/public/wp-content/themes/carnival-meetings/header.php:49
Stack trace:
#0 /app/public/wp-includes/template.php(688): require_once()
#1 /app/public/wp-includes/template.php(647): load_template('/app/public/wp-...', true)
#2 /app/public/wp-includes/general-template.php(41): locate_template(Array, true)
#3 /app/public/wp-content/themes/carnival-meetings/page-home.php(12): get_header()
#4 /app/public/wp-includes/template-loader.php(74): include('/app/public/wp-...')
#5 /app/public/wp-blog-header.php(19): require_once('/app/public/wp-...')
#6 /app/public/index.php(17): require('/app/public/wp-...')
#7 {main}
  thrown in /app/public/wp-content/themes/carnival-meetings/header.php on line 49
[15-Aug-2018 15:58:59 UTC] PHP Fatal error:  Uncaught Error: Class 'wp_materialize_navwalker' not found in /app/public/wp-content/themes/carnival-meetings/header.php:49
Stack trace:
#0 /app/public/wp-includes/template.php(688): require_once()
#1 /app/public/wp-includes/template.php(647): load_template('/app/public/wp-...', true)
#2 /app/public/wp-includes/general-template.php(41): locate_template(Array, true)
#3 /app/public/wp-content/themes/carnival-meetings/page-home.php(12): get_header()
#4 /app/public/wp-includes/template-loader.php(74): include('/app/public/wp-...')
#5 /app/public/wp-blog-header.php(19): require_once('/app/public/wp-...')
#6 /app/public/index.php(17): require('/app/public/wp-...')
#7 {main}
  thrown in /app/public/wp-content/themes/carnival-meetings/header.php on line 49
[15-Aug-2018 15:59:11 UTC] PHP Fatal error:  Uncaught Error: Class 'wp_materialize_navwalker' not found in /app/public/wp-content/themes/carnival-meetings/header.php:49
Stack trace:
#0 /app/public/wp-includes/template.php(688): require_once()
#1 /app/public/wp-includes/template.php(647): load_template('/app/public/wp-...', true)
#2 /app/public/wp-includes/general-template.php(41): locate_template(Array, true)
#3 /app/public/wp-content/themes/carnival-meetings/page-home.php(12): get_header()
#4 /app/public/wp-includes/template-loader.php(74): include('/app/public/wp-...')
#5 /app/public/wp-blog-header.php(19): require_once('/app/public/wp-...')
#6 /app/public/index.php(17): require('/app/public/wp-...')
#7 {main}
  thrown in /app/public/wp-content/themes/carnival-meetings/header.php on line 49
[15-Aug-2018 16:00:24 UTC] PHP Fatal error:  Uncaught Error: Class 'wp_materialize_navwalker' not found in /app/public/wp-content/themes/carnival-meetings/header.php:49
Stack trace:
#0 /app/public/wp-includes/template.php(688): require_once()
#1 /app/public/wp-includes/template.php(647): load_template('/app/public/wp-...', true)
#2 /app/public/wp-includes/general-template.php(41): locate_template(Array, true)
#3 /app/public/wp-content/themes/carnival-meetings/page-home.php(12): get_header()
#4 /app/public/wp-includes/template-loader.php(74): include('/app/public/wp-...')
#5 /app/public/wp-blog-header.php(19): require_once('/app/public/wp-...')
#6 /app/public/index.php(17): require('/app/public/wp-...')
#7 {main}
  thrown in /app/public/wp-content/themes/carnival-meetings/header.php on line 49
[15-Aug-2018 16:00:39 UTC] PHP Fatal error:  Uncaught Error: Class 'wp_materialize_navwalker' not found in /app/public/wp-content/themes/carnival-meetings/header.php:49
Stack trace:
#0 /app/public/wp-includes/template.php(688): require_once()
#1 /app/public/wp-includes/template.php(647): load_template('/app/public/wp-...', true)
#2 /app/public/wp-includes/general-template.php(41): locate_template(Array, true)
#3 /app/public/wp-content/themes/carnival-meetings/page-home.php(12): get_header()
#4 /app/public/wp-includes/template-loader.php(74): include('/app/public/wp-...')
#5 /app/public/wp-blog-header.php(19): require_once('/app/public/wp-...')
#6 /app/public/index.php(17): require('/app/public/wp-...')
#7 {main}
  thrown in /app/public/wp-content/themes/carnival-meetings/header.php on line 49
[15-Aug-2018 16:00:41 UTC] PHP Fatal error:  Uncaught Error: Class 'wp_materialize_navwalker' not found in /app/public/wp-content/themes/carnival-meetings/header.php:49
Stack trace:
#0 /app/public/wp-includes/template.php(688): require_once()
#1 /app/public/wp-includes/template.php(647): load_template('/app/public/wp-...', true)
#2 /app/public/wp-includes/general-template.php(41): locate_template(Array, true)
#3 /app/public/wp-content/themes/carnival-meetings/page-home.php(12): get_header()
#4 /app/public/wp-includes/template-loader.php(74): include('/app/public/wp-...')
#5 /app/public/wp-blog-header.php(19): require_once('/app/public/wp-...')
#6 /app/public/index.php(17): require('/app/public/wp-...')
#7 {main}
  thrown in /app/public/wp-content/themes/carnival-meetings/header.php on line 49
[15-Aug-2018 16:00:42 UTC] PHP Fatal error:  Uncaught Error: Class 'wp_materialize_navwalker' not found in /app/public/wp-content/themes/carnival-meetings/header.php:49
Stack trace:
#0 /app/public/wp-includes/template.php(688): require_once()
#1 /app/public/wp-includes/template.php(647): load_template('/app/public/wp-...', true)
#2 /app/public/wp-includes/general-template.php(41): locate_template(Array, true)
#3 /app/public/wp-content/themes/carnival-meetings/page-home.php(12): get_header()
#4 /app/public/wp-includes/template-loader.php(74): include('/app/public/wp-...')
#5 /app/public/wp-blog-header.php(19): require_once('/app/public/wp-...')
#6 /app/public/index.php(17): require('/app/public/wp-...')
#7 {main}
  thrown in /app/public/wp-content/themes/carnival-meetings/header.php on line 49
[15-Aug-2018 16:01:23 UTC] PHP Fatal error:  Uncaught Error: Class 'wp_materialize_navwalker' not found in /app/public/wp-content/themes/carnival-meetings/header.php:50
Stack trace:
#0 /app/public/wp-includes/template.php(688): require_once()
#1 /app/public/wp-includes/template.php(647): load_template('/app/public/wp-...', true)
#2 /app/public/wp-includes/general-template.php(41): locate_template(Array, true)
#3 /app/public/wp-content/themes/carnival-meetings/page-home.php(12): get_header()
#4 /app/public/wp-includes/template-loader.php(74): include('/app/public/wp-...')
#5 /app/public/wp-blog-header.php(19): require_once('/app/public/wp-...')
#6 /app/public/index.php(17): require('/app/public/wp-...')
#7 {main}
  thrown in /app/public/wp-content/themes/carnival-meetings/header.php on line 50
[15-Aug-2018 18:22:40 UTC] PHP Parse error:  syntax error, unexpected ''sub_menu'' (T_CONSTANT_ENCAPSED_STRING), expecting ')' in /app/public/wp-content/themes/carnival-meetings/header.php on line 56
[15-Aug-2018 18:43:48 UTC] PHP Parse error:  syntax error, unexpected '=', expecting ')' in /app/public/wp-content/themes/carnival-meetings/header.php on line 51
[15-Aug-2018 18:44:17 UTC] PHP Parse error:  syntax error, unexpected ''sub_menu'' (T_CONSTANT_ENCAPSED_STRING), expecting ')' in /app/public/wp-content/themes/carnival-meetings/header.php on line 69
[20-Aug-2018 14:24:05 UTC] PHP Warning:  require(/app/public/wp-content/themes/carnival-meetings/inc/custom-header.php): failed to open stream: No such file or directory in /app/public/wp-content/themes/carnival-meetings/functions.php on line 160
[20-Aug-2018 14:24:05 UTC] PHP Fatal error:  require(): Failed opening required '/app/public/wp-content/themes/carnival-meetings/inc/custom-header.php' (include_path='.:/usr/share/php:/www/wp-content/pear') in /app/public/wp-content/themes/carnival-meetings/functions.php on line 160
[20-Aug-2018 14:24:14 UTC] PHP Warning:  require(/app/public/wp-content/themes/carnival-meetings/inc/custom-header.php): failed to open stream: No such file or directory in /app/public/wp-content/themes/carnival-meetings/functions.php on line 160
[20-Aug-2018 14:24:14 UTC] PHP Fatal error:  require(): Failed opening required '/app/public/wp-content/themes/carnival-meetings/inc/custom-header.php' (include_path='.:/usr/share/php:/www/wp-content/pear') in /app/public/wp-content/themes/carnival-meetings/functions.php on line 160
[20-Aug-2018 14:28:36 UTC] PHP Fatal error:  Uncaught Error: Call to undefined function carnival_meetings_post_thumbnail() in /app/public/wp-content/themes/carnival-meetings/template-parts/content.php:32
Stack trace:
#0 /app/public/wp-includes/template.php(690): require()
#1 /app/public/wp-includes/template.php(647): load_template('/app/public/wp-...', false)
#2 /app/public/wp-includes/general-template.php(155): locate_template(Array, true, false)
#3 /app/public/wp-content/themes/carnival-meetings/single.php(20): get_template_part('template-parts/...', 'elementor_libra...')
#4 /app/public/wp-includes/template-loader.php(74): include('/app/public/wp-...')
#5 /app/public/wp-blog-header.php(19): require_once('/app/public/wp-...')
#6 /app/public/index.php(17): require('/app/public/wp-...')
#7 {main}
  thrown in /app/public/wp-content/themes/carnival-meetings/template-parts/content.php on line 32
[20-Aug-2018 14:28:46 UTC] PHP Fatal error:  Uncaught Error: Call to undefined function carnival_meetings_post_thumbnail() in /app/public/wp-content/themes/carnival-meetings/template-parts/content.php:32
Stack trace:
#0 /app/public/wp-includes/template.php(690): require()
#1 /app/public/wp-includes/template.php(647): load_template('/app/public/wp-...', false)
#2 /app/public/wp-includes/general-template.php(155): locate_template(Array, true, false)
#3 /app/public/wp-content/themes/carnival-meetings/single.php(20): get_template_part('template-parts/...', 'elementor_libra...')
#4 /app/public/wp-includes/template-loader.php(74): include('/app/public/wp-...')
#5 /app/public/wp-blog-header.php(19): require_once('/app/public/wp-...')
#6 /app/public/index.php(17): require('/app/public/wp-...')
#7 {main}
  thrown in /app/public/wp-content/themes/carnival-meetings/template-parts/content.php on line 32
[20-Aug-2018 14:32:35 UTC] PHP Fatal error:  Uncaught Error: Call to undefined function carnival_meetings_post_thumbnail() in /app/public/wp-content/themes/carnival-meetings/template-parts/content.php:32
Stack trace:
#0 /app/public/wp-includes/template.php(690): require()
#1 /app/public/wp-includes/template.php(647): load_template('/app/public/wp-...', false)
#2 /app/public/wp-includes/general-template.php(155): locate_template(Array, true, false)
#3 /app/public/wp-content/themes/carnival-meetings/single.php(20): get_template_part('template-parts/...', 'elementor_libra...')
#4 /app/public/wp-includes/template-loader.php(74): include('/app/public/wp-...')
#5 /app/public/wp-blog-header.php(19): require_once('/app/public/wp-...')
#6 /app/public/index.php(17): require('/app/public/wp-...')
#7 {main}
  thrown in /app/public/wp-content/themes/carnival-meetings/template-parts/content.php on line 32
[20-Aug-2018 14:36:09 UTC] PHP Fatal error:  Uncaught Error: Call to undefined function carnival_meetings_post_thumbnail() in /app/public/wp-content/themes/carnival-meetings/template-parts/content.php:32
Stack trace:
#0 /app/public/wp-includes/template.php(690): require()
#1 /app/public/wp-includes/template.php(647): load_template('/app/public/wp-...', false)
#2 /app/public/wp-includes/general-template.php(155): locate_template(Array, true, false)
#3 /app/public/wp-content/themes/carnival-meetings/single.php(20): get_template_part('template-parts/...', 'elementor_libra...')
#4 /app/public/wp-includes/template-loader.php(74): include('/app/public/wp-...')
#5 /app/public/wp-blog-header.php(19): require_once('/app/public/wp-...')
#6 /app/public/index.php(17): require('/app/public/wp-...')
#7 {main}
  thrown in /app/public/wp-content/themes/carnival-meetings/template-parts/content.php on line 32
[20-Aug-2018 14:51:36 UTC] PHP Fatal error:  Uncaught Error: Call to undefined function carnival_meetings_post_thumbnail() in /app/public/wp-content/themes/carnival-meetings/template-parts/content.php:32
Stack trace:
#0 /app/public/wp-includes/template.php(690): require()
#1 /app/public/wp-includes/template.php(647): load_template('/app/public/wp-...', false)
#2 /app/public/wp-includes/general-template.php(155): locate_template(Array, true, false)
#3 /app/public/wp-content/themes/carnival-meetings/single.php(20): get_template_part('template-parts/...', 'elementor_libra...')
#4 /app/public/wp-includes/template-loader.php(74): include('/app/public/wp-...')
#5 /app/public/wp-blog-header.php(19): require_once('/app/public/wp-...')
#6 /app/public/index.php(17): require('/app/public/wp-...')
#7 {main}
  thrown in /app/public/wp-content/themes/carnival-meetings/template-parts/content.php on line 32
